app/build/intermediates/manifest_merge_blame_file/debug/manifest-merger-blame-debug-report.txt
1<?xml version="1.0" encoding="utf-8"?>
2<manifest xmlns:android="http://schemas.android.com/apk/res/android"
3    package="com.example.androidattendancesystem"
4    android:versionCode="1"
5    android:versionName="1.0" >
6
7    <uses-sdk
8        android:minSdkVersion="14"
8-->src\main\AndroidManifest.xml
9        android:targetSdkVersion="26" />
9-->src\main\AndroidManifest.xml
10
11    <application
11-->src\main\AndroidManifest.xml:7:5-71:19
12        android:name="com.android.attendance.context.ApplicationContext"
12-->src\main\AndroidManifest.xml:8:10-74
13        android:allowBackup="true"
13-->src\main\AndroidManifest.xml:9:9-35
14        android:debuggable="true"
15        android:icon="@mipmap/ic_launcher"
15-->src\main\AndroidManifest.xml:10:9-43
16        android:label="@string/app_name"
16-->src\main\AndroidManifest.xml:11:9-41
17        android:theme="@style/AppTheme" >
17-->src\main\AndroidManifest.xml:12:9-40
18        <activity
18-->src\main\AndroidManifest.xml:13:9-21:20
19            android:name="com.android.attendance.activity.MainActivity"
19-->src\main\AndroidManifest.xml:14:13-72
20            android:label="@string/app_name" >
20-->src\main\AndroidManifest.xml:15:13-45
21            <intent-filter>
21-->src\main\AndroidManifest.xml:16:13-20:29
22                <action android:name="android.intent.action.MAIN" />
22-->src\main\AndroidManifest.xml:17:17-69
22-->src\main\AndroidManifest.xml:17:25-66
23
24                <category android:name="android.intent.category.LAUNCHER" />
24-->src\main\AndroidManifest.xml:19:17-77
24-->src\main\AndroidManifest.xml:19:27-74
25            </intent-filter>
26        </activity>
27        <activity
27-->src\main\AndroidManifest.xml:22:10-25:20
28            android:name="com.android.attendance.activity.LoginActivity"
28-->src\main\AndroidManifest.xml:23:13-73
29            android:label="@string/app_name" >
29-->src\main\AndroidManifest.xml:24:13-45
30        </activity>
31        <activity
31-->src\main\AndroidManifest.xml:26:10-29:20
32            android:name="com.android.attendance.activity.MenuActivity"
32-->src\main\AndroidManifest.xml:27:13-72
33            android:label="@string/app_name" >
33-->src\main\AndroidManifest.xml:28:13-45
34        </activity>
35        <activity
35-->src\main\AndroidManifest.xml:30:10-33:20
36            android:name="com.android.attendance.activity.AddFacultyActivity"
36-->src\main\AndroidManifest.xml:31:13-78
37            android:label="@string/app_name" >
37-->src\main\AndroidManifest.xml:32:13-45
38        </activity>
39        <activity
39-->src\main\AndroidManifest.xml:34:9-37:20
40            android:name="com.android.attendance.activity.AddStudentActivity"
40-->src\main\AndroidManifest.xml:35:13-78
41            android:label="@string/app_name" >
41-->src\main\AndroidManifest.xml:36:13-45
42        </activity>
43        <activity
43-->src\main\AndroidManifest.xml:38:9-41:20
44            android:name="com.android.attendance.activity.ViewFacultyActivity"
44-->src\main\AndroidManifest.xml:39:13-79
45            android:label="@string/app_name" >
45-->src\main\AndroidManifest.xml:40:13-45
46        </activity>
47        <activity
47-->src\main\AndroidManifest.xml:42:9-45:20
48            android:name="com.android.attendance.activity.ViewStudentActivity"
48-->src\main\AndroidManifest.xml:43:13-79
49            android:label="@string/app_name" >
49-->src\main\AndroidManifest.xml:44:13-45
50        </activity>
51        <activity
51-->src\main\AndroidManifest.xml:46:9-49:20
52            android:name="com.android.attendance.activity.TestActivity"
52-->src\main\AndroidManifest.xml:47:13-72
53            android:label="@string/app_name" >
53-->src\main\AndroidManifest.xml:48:13-45
54        </activity>
55        <activity
55-->src\main\AndroidManifest.xml:50:10-53:20
56            android:name="com.android.attendance.activity.ViewStudentByBranchYear"
56-->src\main\AndroidManifest.xml:51:13-83
57            android:label="@string/app_name" >
57-->src\main\AndroidManifest.xml:52:13-45
58        </activity>
59        <activity
59-->src\main\AndroidManifest.xml:54:11-57:20
60            android:name="com.android.attendance.activity.AddAttandanceSessionActivity"
60-->src\main\AndroidManifest.xml:55:13-88
61            android:label="@string/app_name" >
61-->src\main\AndroidManifest.xml:56:13-45
62        </activity>
63        <activity
63-->src\main\AndroidManifest.xml:58:10-61:20
64            android:name="com.android.attendance.activity.AddAttendanceActivity"
64-->src\main\AndroidManifest.xml:59:13-81
65            android:label="@string/app_name" >
65-->src\main\AndroidManifest.xml:60:13-45
66        </activity>
67        <activity
67-->src\main\AndroidManifest.xml:62:10-65:20
68            android:name="com.android.attendance.activity.ViewAttendanceByFacultyActivity"
68-->src\main\AndroidManifest.xml:63:13-91
69            android:label="@string/app_name" >
69-->src\main\AndroidManifest.xml:64:13-45
70        </activity>
71        <activity
71-->src\main\AndroidManifest.xml:66:10-69:20
72            android:name="com.android.attendance.activity.ViewAttendancePerStudentActivity"
72-->src\main\AndroidManifest.xml:67:13-92
73            android:label="@string/app_name" >
73-->src\main\AndroidManifest.xml:68:13-45
74        </activity>
75
76        <meta-data
76-->[com.android.support:support-v4:26.1.0] AndroidManifest.xml:26:9-28:38
77            android:name="android.support.VERSION"
77-->[com.android.support:support-v4:26.1.0] AndroidManifest.xml:27:13-51
78            android:value="26.1.0" />
78-->[com.android.support:support-v4:26.1.0] AndroidManifest.xml:28:13-35
79        <meta-data
79-->[android.arch.lifecycle:runtime:1.0.0] AndroidManifest.xml:25:9-27:47
80            android:name="android.arch.lifecycle.VERSION"
80-->[android.arch.lifecycle:runtime:1.0.0] AndroidManifest.xml:26:13-58
81            android:value="27.0.0-SNAPSHOT" />
81-->[android.arch.lifecycle:runtime:1.0.0] AndroidManifest.xml:27:13-44
82    </application>
83
84</manifest>